2024-05-19 13:41:44 ERROR ApacheHTTP_SimilarityClient:83 - IOException occurred while reading the response entity. Entity content: ResponseEntityProxy{[Content-Type: application/json,Content-Length: 29,Chunked: false]}
java.net.SocketException: Socket closed
	at java.base/sun.nio.ch.NioSocketImpl.ensureOpenAndConnected(NioSocketImpl.java:165) ~[?:?]
	at java.base/sun.nio.ch.NioSocketImpl.beginRead(NioSocketImpl.java:231) ~[?:?]
	at java.base/sun.nio.ch.NioSocketImpl.implRead(NioSocketImpl.java:299) ~[?:?]
	at java.base/sun.nio.ch.NioSocketImpl.read(NioSocketImpl.java:350) ~[?:?]
	at java.base/sun.nio.ch.NioSocketImpl$1.read(NioSocketImpl.java:803) ~[?:?]
	at java.base/java.net.Socket$SocketInputStream.read(Socket.java:966) ~[?:?]
	at org.apache.http.impl.io.SessionInputBufferImpl.streamRead(SessionInputBufferImpl.java:137) ~[httpcore-4.4.16.jar:4.4.16]
	at org.apache.http.impl.io.SessionInputBufferImpl.fillBuffer(SessionInputBufferImpl.java:153) ~[httpcore-4.4.16.jar:4.4.16]
	at org.apache.http.impl.io.SessionInputBufferImpl.read(SessionInputBufferImpl.java:205) ~[httpcore-4.4.16.jar:4.4.16]
	at org.apache.http.impl.io.ContentLengthInputStream.read(ContentLengthInputStream.java:176) ~[httpcore-4.4.16.jar:4.4.16]
	at org.apache.http.conn.EofSensorInputStream.read(EofSensorInputStream.java:135) ~[httpclient-4.5.14.jar:4.5.14]
	at java.base/sun.nio.cs.StreamDecoder.readBytes(StreamDecoder.java:270) ~[?:?]
	at java.base/sun.nio.cs.StreamDecoder.implRead(StreamDecoder.java:313) ~[?:?]
	at java.base/sun.nio.cs.StreamDecoder.read(StreamDecoder.java:188) ~[?:?]
	at java.base/java.io.InputStreamReader.read(InputStreamReader.java:177) ~[?:?]
	at java.base/java.io.Reader.read(Reader.java:250) ~[?:?]
	at org.apache.http.util.EntityUtils.toString(EntityUtils.java:227) ~[httpcore-4.4.16.jar:4.4.16]
	at org.apache.http.util.EntityUtils.toString(EntityUtils.java:308) ~[httpcore-4.4.16.jar:4.4.16]
	at com.graphbook.server.ApacheHTTP_SimilarityClient.getSimilarityResponse(ApacheHTTP_SimilarityClient.java:81) [classes/:?]
	at com.graphbook.util.AISimilarityCalculator.calculate(AISimilarityCalculator.java:19) [classes/:?]
	at com.graphbook.util.NeoDatabase.createAllEdges(NeoDatabase.java:82) [classes/:?]
	at com.graphbook.GraphBook.main(GraphBook.java:128) [classes/:?]


From terminal:
Connected successfully
121th iteration
122
Sent JSON: {"similarity": "95.0\n"}
127.0.0.1 - - [19/May/2024 13:51:27] "POST /similarity HTTP/1.1" 200 -
ResponseEntityProxy{[Content-Type: application/json,Content-Length: 29,Chunked: false]}
123
Sent JSON: {"similarity": "35.8\n"}
127.0.0.1 - - [19/May/2024 13:51:29] "POST /similarity HTTP/1.1" 200 -
ResponseEntityProxy{[Content-Type: application/json,Content-Length: 29,Chunked: false]}
Exception in thread "main" java.lang.RuntimeException: IOException occurred during parsing JSON response
        at com.graphbook.server.ApacheHTTP_SimilarityClient.getSimilarityResponse(ApacheHTTP_SimilarityClient.java:84)
        at com.graphbook.util.AISimilarityCalculator.calculate(AISimilarityCalculator.java:19)
        at com.graphbook.util.NeoDatabase.createAllEdges(NeoDatabase.java:82)
        at com.graphbook.GraphBook.main(GraphBook.java:128)
Caused by: java.net.SocketException: Socket closed
        at java.base/sun.nio.ch.NioSocketImpl.ensureOpenAndConnected(NioSocketImpl.java:165)
        at java.base/sun.nio.ch.NioSocketImpl.beginRead(NioSocketImpl.java:231)
        at java.base/sun.nio.ch.NioSocketImpl.implRead(NioSocketImpl.java:299)
        at java.base/sun.nio.ch.NioSocketImpl.read(NioSocketImpl.java:350)
        at java.base/sun.nio.ch.NioSocketImpl$1.read(NioSocketImpl.java:803)
        at java.base/java.net.Socket$SocketInputStream.read(Socket.java:966)
        at org.apache.http.impl.io.SessionInputBufferImpl.streamRead(SessionInputBufferImpl.java:137)
        at org.apache.http.impl.io.SessionInputBufferImpl.fillBuffer(SessionInputBufferImpl.java:153)
        at org.apache.http.impl.io.SessionInputBufferImpl.read(SessionInputBufferImpl.java:205)
        at org.apache.http.impl.io.ContentLengthInputStream.read(ContentLengthInputStream.java:176)
        at org.apache.http.conn.EofSensorInputStream.read(EofSensorInputStream.java:135)
        at java.base/sun.nio.cs.StreamDecoder.readBytes(StreamDecoder.java:270)
        at java.base/sun.nio.cs.StreamDecoder.implRead(StreamDecoder.java:313)
        at java.base/sun.nio.cs.StreamDecoder.read(StreamDecoder.java:188)
        at java.base/java.io.InputStreamReader.read(InputStreamReader.java:177)
        at java.base/java.io.Reader.read(Reader.java:250)
        at org.apache.http.util.EntityUtils.toString(EntityUtils.java:227)
        at org.apache.http.util.EntityUtils.toString(EntityUtils.java:308)
        at com.graphbook.server.ApacheHTTP_SimilarityClient.getSimilarityResponse(ApacheHTTP_SimilarityClient.java:81)
        ... 3 more
PS C:\Users\macie\iCloudDrive\MyProjects\graph-book-core> Sent JSON: {"similarity": "25.0\n"}
127.0.0.1 - - [19/May/2024 13:51:56] "POST /similarity HTTP/1.1" 200 -
Sent JSON: {"similarity": "30.43"}
127.0.0.1 - - [19/May/2024 13:52:01] "POST /similarity HTTP/1.1" 200 -
Sent JSON: {"similarity": "25.0\n"}
127.0.0.1 - - [19/May/2024 13:52:03] "POST /similarity HTTP/1.1" 200 -
Sent JSON: {"similarity": "20.0\n"}
127.0.0.1 - - [19/May/2024 13:52:05] "POST /similarity HTTP/1.1" 200 -