2024-05-19 14:26:54 ERROR ApacheHTTP_SimilarityClient:88 - IOException occurred while reading the response entity. Entity content: ResponseEntityProxy{[Content-Type: application/json,Content-Length: 30,Chunked: false]}
java.net.SocketException: Socket closed
	at java.base/sun.nio.ch.NioSocketImpl.ensureOpenAndConnected(NioSocketImpl.java:165) ~[?:?]
	at java.base/sun.nio.ch.NioSocketImpl.beginRead(NioSocketImpl.java:231) ~[?:?]
	at java.base/sun.nio.ch.NioSocketImpl.implRead(NioSocketImpl.java:299) ~[?:?]
	at java.base/sun.nio.ch.NioSocketImpl.read(NioSocketImpl.java:350) ~[?:?]
	at java.base/sun.nio.ch.NioSocketImpl$1.read(NioSocketImpl.java:803) ~[?:?]
	at java.base/java.net.Socket$SocketInputStream.read(Socket.java:966) ~[?:?]
	at org.apache.http.impl.io.SessionInputBufferImpl.streamRead(SessionInputBufferImpl.java:137) ~[httpcore-4.4.16.jar:4.4.16]
	at org.apache.http.impl.io.SessionInputBufferImpl.fillBuffer(SessionInputBufferImpl.java:153) ~[httpcore-4.4.16.jar:4.4.16]
	at org.apache.http.impl.io.SessionInputBufferImpl.read(SessionInputBufferImpl.java:205) ~[httpcore-4.4.16.jar:4.4.16]
	at org.apache.http.impl.io.ContentLengthInputStream.read(ContentLengthInputStream.java:176) ~[httpcore-4.4.16.jar:4.4.16]
	at org.apache.http.conn.EofSensorInputStream.read(EofSensorInputStream.java:135) ~[httpclient-4.5.14.jar:4.5.14]
	at java.base/sun.nio.cs.StreamDecoder.readBytes(StreamDecoder.java:270) ~[?:?]
	at java.base/sun.nio.cs.StreamDecoder.implRead(StreamDecoder.java:313) ~[?:?]
	at java.base/sun.nio.cs.StreamDecoder.read(StreamDecoder.java:188) ~[?:?]
	at java.base/java.io.InputStreamReader.read(InputStreamReader.java:177) ~[?:?]
	at java.base/java.io.Reader.read(Reader.java:250) ~[?:?]
	at com.graphbook.server.ApacheHTTP_SimilarityClient.entityToString(ApacheHTTP_SimilarityClient.java:205) ~[classes/:?]
	at com.graphbook.server.ApacheHTTP_SimilarityClient.getSimilarityResponse(ApacheHTTP_SimilarityClient.java:86) [classes/:?]
	at com.graphbook.util.AISimilarityCalculator.calculate(AISimilarityCalculator.java:20) [classes/:?]
	at com.graphbook.util.NeoDatabase.createAllEdges(NeoDatabase.java:82) [classes/:?]
	at com.graphbook.GraphBook.main(GraphBook.java:128) [classes/:?]
