2024-05-28 12:12:25 ERROR ApacheHTTP_SimilarityClient:101 - JsonMappingException occured.
com.fasterxml.jackson.databind.exc.InvalidDefinitionException: Cannot construct instance of `com.graphbook.backend.model.Pair` (no Creators, like default constructor, exist): cannot deserialize from Object value (no delegate- or property-based Creator)
 at [Source: REDACTED (`StreamReadFeature.INCLUDE_SOURCE_IN_LOCATION` disabled); line: 5, column: 9] (through reference chain: java.util.HashMap["similarity_batch"]->java.util.HashMap["0"]->java.util.ArrayList[0])
	at com.fasterxml.jackson.databind.exc.InvalidDefinitionException.from(InvalidDefinitionException.java:67) ~[jackson-databind-2.17.1.jar:2.17.1]
	at com.fasterxml.jackson.databind.DeserializationContext.reportBadDefinition(DeserializationContext.java:1887) ~[jackson-databind-2.17.1.jar:2.17.1]
	at com.fasterxml.jackson.databind.DatabindContext.reportBadDefinition(DatabindContext.java:414) ~[jackson-databind-2.17.1.jar:2.17.1]
	at com.fasterxml.jackson.databind.DeserializationContext.handleMissingInstantiator(DeserializationContext.java:1375) ~[jackson-databind-2.17.1.jar:2.17.1]
	at com.fasterxml.jackson.databind.deser.BeanDeserializerBase.deserializeFromObjectUsingNonDefault(BeanDeserializerBase.java:1508) ~[jackson-databind-2.17.1.jar:2.17.1]
	at com.fasterxml.jackson.databind.deser.BeanDeserializer.deserializeFromObject(BeanDeserializer.java:348) ~[jackson-databind-2.17.1.jar:2.17.1]
	at com.fasterxml.jackson.databind.deser.BeanDeserializer.deserialize(BeanDeserializer.java:185) ~[jackson-databind-2.17.1.jar:2.17.1]
	at com.fasterxml.jackson.databind.deser.std.CollectionDeserializer._deserializeFromArray(CollectionDeserializer.java:361) ~[jackson-databind-2.17.1.jar:2.17.1]
	at com.fasterxml.jackson.databind.deser.std.CollectionDeserializer.deserialize(CollectionDeserializer.java:246) ~[jackson-databind-2.17.1.jar:2.17.1]
	at com.fasterxml.jackson.databind.deser.std.CollectionDeserializer.deserialize(CollectionDeserializer.java:30) ~[jackson-databind-2.17.1.jar:2.17.1]
	at com.fasterxml.jackson.databind.deser.std.MapDeserializer._readAndBind(MapDeserializer.java:557) ~[jackson-databind-2.17.1.jar:2.17.1]
	at com.fasterxml.jackson.databind.deser.std.MapDeserializer.deserialize(MapDeserializer.java:451) ~[jackson-databind-2.17.1.jar:2.17.1]
	at com.fasterxml.jackson.databind.deser.std.MapDeserializer.deserialize(MapDeserializer.java:32) ~[jackson-databind-2.17.1.jar:2.17.1]
	at com.fasterxml.jackson.databind.deser.std.MapDeserializer._readAndBindStringKeyMap(MapDeserializer.java:623) ~[jackson-databind-2.17.1.jar:2.17.1]
	at com.fasterxml.jackson.databind.deser.std.MapDeserializer.deserialize(MapDeserializer.java:449) ~[jackson-databind-2.17.1.jar:2.17.1]
	at com.fasterxml.jackson.databind.deser.std.MapDeserializer.deserialize(MapDeserializer.java:32) ~[jackson-databind-2.17.1.jar:2.17.1]
	at com.fasterxml.jackson.databind.deser.DefaultDeserializationContext.readRootValue(DefaultDeserializationContext.java:342) ~[jackson-databind-2.17.1.jar:2.17.1]
	at com.fasterxml.jackson.databind.ObjectMapper._readMapAndClose(ObjectMapper.java:4905) ~[jackson-databind-2.17.1.jar:2.17.1]
	at com.fasterxml.jackson.databind.ObjectMapper.readValue(ObjectMapper.java:3848) ~[jackson-databind-2.17.1.jar:2.17.1]
	at com.fasterxml.jackson.databind.ObjectMapper.readValue(ObjectMapper.java:3831) ~[jackson-databind-2.17.1.jar:2.17.1]
	at com.graphbook.server.impl.ApacheHTTP_SimilarityClient.getSimilarityBatchResponse(ApacheHTTP_SimilarityClient.java:99) [classes/:?]
	at com.graphbook.frontend.GraphBookGUIManager.getEdgeValues(GraphBookGUIManager.java:73) [classes/:?]
	at com.graphbook.frontend.GraphBookGUIManager.createGraph(GraphBookGUIManager.java:118) [classes/:?]
	at com.graphbook.Main.main(Main.java:13) [classes/:?]
